This is pdfTeX, Version 3.14159265-2.6-1.40.17 (TeX Live 2016) (preloaded format=pdflatex 2016.5.22)  17 MAY 2018 22:02
entering extended mode
 restricted \write18 enabled.
 %&-line parsing enabled.
**Note_May_18.tex
(./Note_May_18.tex
LaTeX2e <2016/03/31>
Babel <3.9r> and hyphenation patterns for 83 language(s) loaded.
(./aastex61.cls
Document Class: aastex61 2016/04/16 Version 6.1/AAS markup document class
Class aastex Info: 
 
 Original \LaTeX2.09 style by Chris Biemesderfer (chris@seagoat.com). 
 Adapted to \LaTeXe by A. Ogawa (ogawa@teleport.com)
 emulateapj.cls included, Copyright 2000-2015 Alexey Vikhlinin 
 Rewrite and update of emulateapj.cls, revised and enhanced with table macros, 
gridlines, draft watermark,
 track changes, new `modern' style and much more, by Amy Hendrickson,
 (amyh@texnology.com, http://www.texnology.com) 
 
  on input line 106.
\bibbaselineskip=\skip41
(/usr/local/texlive/2016/texmf-dist/tex/latex/revtex/revtex4-1.cls
Document Class: revtex4-1 2010/07/25/20:33:00 4.1r (http://publish.aps.org/revt
ex4/ for documentation)
 Copyright (c) 2009 The American Physical Society.
 mailto:revtex@aps.org
 Licensed under the LPPL:
http://www.ctan.org/tex-archive/macros/latex/base/lppl.txt
 Arthur Ogawa <arthur_ogawa at sbcglobal dot net>
 Based on work by David Carlisle <david at dcarlisle.demon.co.uk>.
ltxutil[2010/07/25/20:33:00 4.1r utilities package (portions licensed from W. E
. Baxter web at superscript.com)]
LaTeX Info: Redefining \@centercr on input line 308.
Class revtex4-1 Info: Repairing broken LaTeX eqnarray on input line 358.
\eqncolsep=\skip42
Class revtex4-1 Info: Repairing hyperref-unfriendly LaTeX definition of \mpfoot
note on input line 433.
Class revtex4-1 Info: Repairing broken LateX \@sect on input line 755.
\intertabularlinepenalty=\count79
\@tbpen=\count80
\@arstrutbox@hline=\box26
Class revtex4-1 Info: Repairing broken LaTeX \@xbitor on input line 1786.
Class revtex4-1 Info: Making \typeout \long on input line 2046.
ltxfront[2010/07/25/20:33:00 4.1r frontmatter package (AO,DPC)]
\c@affil=\count81
\c@collab=\count82
\absbox=\box27
ltxgrid[2010/07/25/20:33:00 4.1r page grid package (portions licensed from W. E
. Baxter web at superscript.com)]
\c@linecount=\count83
\output@latex=\toks14
\box@size@1=\box28
\box@size@2=\box29
\@protection@box=\box30
\@topmark@saved=\toks15
\footins@saved=\box31
\footins@recovered=\box32
\column@recovered=\box33
\pagesofar=\box34
\footsofar=\box35
\pagegrid@col=\count84
Class revtex4-1 Info: Overriding \@vspace, \@vspacer, \@no@pgbk, \@newline, and
 \\  on input line 5578.
\c@part=\count85
\c@section=\count86
\c@subsection=\count87
\c@subsubsection=\count88
\c@paragraph=\count89
\c@subparagraph=\count90
\abovecaptionskip=\skip43
\belowcaptionskip=\skip44
\c@figure=\count91
\fbox@1=\box36
\c@table=\count92
\fbox@2=\box37
\c@video=\count93
\fbox@4=\box38
\@bibdataout=\write3
\widetext@top=\box39
\widetext@bot=\box40
Class revtex4-1 Info: Selecting society aps on input line 7542.
(/usr/local/texlive/2016/texmf-dist/tex/latex/revtex/aps4-1.rtx
File: aps4-1 2010/07/25/20:33:00 4.1r (http://publish.aps.org/revtex4/ for docu
mentation)
Class revtex4-1 Info: RevTeX society APS selected on input line 31.
)
Class revtex4-1 Info: Selecting journal pra on input line 7544.
Class revtex4-1 Info: APS journal PRA selected on input line 7545.

(/usr/local/texlive/2016/texmf-dist/tex/latex/revtex/aps10pt4-1.rtx
File: aps10pt4-1 2010/07/25/20:33:00 4.1r (http://publish.aps.org/revtex4/ for 
documentation)
Class revtex4-1 Info: RevTeX pointsize 10pt selected on input line 30.
)
(/usr/local/texlive/2016/texmf-dist/tex/latex/textcase/textcase.sty
Package: textcase 2004/10/07 v0.07 Text only upper/lower case changing (DPC)
)
(/usr/local/texlive/2016/texmf-dist/tex/latex/url/url.sty
\Urlmuskip=\muskip10
Package: url 2013/09/16  ver 3.4  Verb mode for urls, etc.
)
(/usr/local/texlive/2016/texmf-dist/tex/latex/natbib/natbib.sty
Package: natbib 2010/09/13 8.31b (PWD, AO)
\bibhang=\skip45
\bibsep=\skip46
LaTeX Info: Redefining \cite on input line 694.
\c@NAT@ctr=\count94
)
Class revtex4-1 Info: Repairing natbib's \BibitemShut on input line 7549.

(/usr/local/texlive/2016/texmf-dist/tex/latex/revtex/revsymb4-1.sty
Package: revsymb4-1 2010/07/25/20:33:00 4.1r (http://publish.aps.org/revtex4/ f
or documentation)
LaTeX Info: Redefining \REV@mathfrak on input line 119.
))
(/usr/local/texlive/2016/texmf-dist/tex/latex/base/latexsym.sty
Package: latexsym 1998/08/17 v2.2e Standard LaTeX package (lasy symbols)
\symlasy=\mathgroup4
LaTeX Font Info:    Overwriting symbol font `lasy' in version `bold'
(Font)                  U/lasy/m/n --> U/lasy/b/n on input line 52.
)
(/usr/local/texlive/2016/texmf-dist/tex/latex/graphics/graphicx.sty
Package: graphicx 2014/10/28 v1.0g Enhanced LaTeX Graphics (DPC,SPQR)

(/usr/local/texlive/2016/texmf-dist/tex/latex/graphics/keyval.sty
Package: keyval 2014/10/28 v1.15 key=value parser (DPC)
\KV@toks@=\toks16
)
(/usr/local/texlive/2016/texmf-dist/tex/latex/graphics/graphics.sty
Package: graphics 2016/05/09 v1.0r Standard LaTeX Graphics (DPC,SPQR)

(/usr/local/texlive/2016/texmf-dist/tex/latex/graphics/trig.sty
Package: trig 2016/01/03 v1.10 sin cos tan (DPC)
)
(/usr/local/texlive/2016/texmf-dist/tex/latex/graphics-cfg/graphics.cfg
File: graphics.cfg 2016/01/02 v1.10 sample graphics configuration
)
Package graphics Info: Driver file: pdftex.def on input line 96.

(/usr/local/texlive/2016/texmf-dist/tex/latex/pdftex-def/pdftex.def
File: pdftex.def 2011/05/27 v0.06d Graphics/color for pdfTeX

(/usr/local/texlive/2016/texmf-dist/tex/generic/oberdiek/infwarerr.sty
Package: infwarerr 2016/05/16 v1.4 Providing info/warning/error messages (HO)
)
(/usr/local/texlive/2016/texmf-dist/tex/generic/oberdiek/ltxcmds.sty
Package: ltxcmds 2016/05/16 v1.23 LaTeX kernel commands for general use (HO)
)
\Gread@gobject=\count95
))
\Gin@req@height=\dimen102
\Gin@req@width=\dimen103
)
(/usr/local/texlive/2016/texmf-dist/tex/latex/amsfonts/amssymb.sty
Package: amssymb 2013/01/14 v3.01 AMS font symbols

(/usr/local/texlive/2016/texmf-dist/tex/latex/amsfonts/amsfonts.sty
Package: amsfonts 2013/01/14 v3.01 Basic AMSFonts support
\@emptytoks=\toks17
\symAMSa=\mathgroup5
\symAMSb=\mathgroup6
LaTeX Font Info:    Overwriting math alphabet `\mathfrak' in version `bold'
(Font)                  U/euf/m/n --> U/euf/b/n on input line 106.
LaTeX Info: Redefining \frak on input line 111.
LaTeX Info: Redefining \Bbb on input line 113.
))
(/usr/local/texlive/2016/texmf-dist/tex/generic/epsf/epsf.sty
This is `epsf.tex' v2.7.4 <14 February 2011>
\epsffilein=\read1
\epsfframemargin=\dimen104
\epsfframethickness=\dimen105
\epsfrsize=\dimen106
\epsftmp=\dimen107
\epsftsize=\dimen108
\epsfxsize=\dimen109
\epsfysize=\dimen110
\pspoints=\dimen111
)
\fncount=\count96
\endfncount=\count97
\c@front@matter@foot@note=\count98
\keys@width=\skip47
\c@lastfootnote=\count99
\c@remember@figure@num=\count100
\c@remember@table@num=\count101
\bibskip=\skip48
\bibindent=\dimen112
\plot@width=\skip49
\c@table@save=\count102
\@abovenoteskip=\dimen113
\table@note@skip=\skip50
\deluxe@table@width=\skip51
\@d@t@a=\skip52
\c@deluxe@table@num=\count103
\LTcapwidth=\dimen114
\abovedeluxetableskip=\skip53
\belowdeluxetableskip=\skip54
\lastrowheight=\dimen115
\DT@p@ftn=\toks18
\pt@column=\count104
\pt@ncol=\count105
 (/usr/local/texlive/2016/texmf-dist/tex/latex/tools/longtable.sty
Package: longtable 2014/10/28 v4.11 Multi-page Table package (DPC)
\LTleft=\skip55
\LTright=\skip56
\LTpre=\skip57
\LTpost=\skip58
\LTchunksize=\count106
\LTcapwidth=\dimen116
\LT@head=\box41
\LT@firsthead=\box42
\LT@foot=\box43
\LT@lastfoot=\box44
\LT@cols=\count107
\LT@rows=\count108
\c@LT@tables=\count109
\c@LT@chunks=\count110
\LT@p@ftn=\toks19
)
(/usr/local/texlive/2016/texmf-dist/tex/latex/xcolor/xcolor.sty
Package: xcolor 2016/05/11 v2.12 LaTeX color extensions (UK)

(/usr/local/texlive/2016/texmf-dist/tex/latex/graphics-cfg/color.cfg
File: color.cfg 2016/01/02 v1.6 sample color configuration
)
Package xcolor Info: Driver file: pdftex.def on input line 225.
Package xcolor Info: Model `cmy' substituted by `cmy0' on input line 1348.
Package xcolor Info: Model `hsb' substituted by `rgb' on input line 1352.
Package xcolor Info: Model `RGB' extended on input line 1364.
Package xcolor Info: Model `HTML' substituted by `rgb' on input line 1366.
Package xcolor Info: Model `Hsb' substituted by `hsb' on input line 1367.
Package xcolor Info: Model `tHsb' substituted by `hsb' on input line 1368.
Package xcolor Info: Model `HSB' substituted by `hsb' on input line 1369.
Package xcolor Info: Model `Gray' substituted by `gray' on input line 1370.
Package xcolor Info: Model `wave' substituted by `hsb' on input line 1371.
)
(/usr/local/texlive/2016/texmf-dist/tex/latex/hyperref/hyperref.sty
Package: hyperref 2016/05/05 v6.83n Hypertext links for LaTeX

(/usr/local/texlive/2016/texmf-dist/tex/generic/oberdiek/hobsub-hyperref.sty
Package: hobsub-hyperref 2016/05/16 v1.14 Bundle oberdiek, subset hyperref (HO)


(/usr/local/texlive/2016/texmf-dist/tex/generic/oberdiek/hobsub-generic.sty
Package: hobsub-generic 2016/05/16 v1.14 Bundle oberdiek, subset generic (HO)
Package: hobsub 2016/05/16 v1.14 Construct package bundles (HO)
Package hobsub Info: Skipping package `infwarerr' (already loaded).
Package hobsub Info: Skipping package `ltxcmds' (already loaded).
Package: ifluatex 2016/05/16 v1.4 Provides the ifluatex switch (HO)
Package ifluatex Info: LuaTeX not detected.
Package: ifvtex 2016/05/16 v1.6 Detect VTeX and its facilities (HO)
Package ifvtex Info: VTeX not detected.
Package: intcalc 2016/05/16 v1.2 Expandable calculations with integers (HO)
Package: ifpdf 2016/05/14 v3.1 Provides the ifpdf switch
Package: etexcmds 2016/05/16 v1.6 Avoid name clashes with e-TeX commands (HO)
Package etexcmds Info: Could not find \expanded.
(etexcmds)             That can mean that you are not using pdfTeX 1.50 or
(etexcmds)             that some package has redefined \expanded.
(etexcmds)             In the latter case, load this package earlier.
Package: kvsetkeys 2016/05/16 v1.17 Key value parser (HO)
Package: kvdefinekeys 2016/05/16 v1.4 Define keys (HO)
Package: pdftexcmds 2016/05/10 v0.21 Utility functions of pdfTeX for LuaTeX (HO
)
Package pdftexcmds Info: LuaTeX not detected.
Package pdftexcmds Info: \pdf@primitive is available.
Package pdftexcmds Info: \pdf@ifprimitive is available.
Package pdftexcmds Info: \pdfdraftmode found.
Package: pdfescape 2016/05/16 v1.14 Implements pdfTeX's escape features (HO)
Package: bigintcalc 2016/05/16 v1.4 Expandable calculations on big integers (HO
)
Package: bitset 2016/05/16 v1.2 Handle bit-vector datatype (HO)
Package: uniquecounter 2016/05/16 v1.3 Provide unlimited unique counter (HO)
)
Package hobsub Info: Skipping package `hobsub' (already loaded).
Package: letltxmacro 2016/05/16 v1.5 Let assignment for LaTeX macros (HO)
Package: hopatch 2016/05/16 v1.3 Wrapper for package hooks (HO)
Package: xcolor-patch 2016/05/16 xcolor patch
Package: atveryend 2016/05/16 v1.9 Hooks at the very end of document (HO)
Package: atbegshi 2016/05/16 v1.17 At begin shipout hook (HO)
Package: refcount 2016/05/16 v3.5 Data extraction from label references (HO)
Package: hycolor 2016/05/16 v1.8 Color options for hyperref/bookmark (HO)
)
(/usr/local/texlive/2016/texmf-dist/tex/generic/ifxetex/ifxetex.sty
Package: ifxetex 2010/09/12 v0.6 Provides ifxetex conditional
)
(/usr/local/texlive/2016/texmf-dist/tex/latex/oberdiek/auxhook.sty
Package: auxhook 2016/05/16 v1.4 Hooks for auxiliary files (HO)
)
(/usr/local/texlive/2016/texmf-dist/tex/latex/oberdiek/kvoptions.sty
Package: kvoptions 2016/05/16 v3.12 Key value format for package options (HO)
)
\@linkdim=\dimen117
\Hy@linkcounter=\count111
\Hy@pagecounter=\count112

(/usr/local/texlive/2016/texmf-dist/tex/latex/hyperref/pd1enc.def
File: pd1enc.def 2016/05/05 v6.83n Hyperref: PDFDocEncoding definition (HO)
)
\Hy@SavedSpaceFactor=\count113

(/usr/local/texlive/2016/texmf-dist/tex/latex/latexconfig/hyperref.cfg
File: hyperref.cfg 2002/06/06 v1.2 hyperref configuration of TeXLive
)
Package hyperref Info: Option `bookmarks' set `false' on input line 4322.
Package hyperref Info: Option `pdfnewwindow' set `true' on input line 4322.
Package hyperref Info: Option `colorlinks' set `true' on input line 4322.
Package hyperref Info: Option `final' set `true' on input line 4322.
Package hyperref Info: Hyper figures OFF on input line 4446.
Package hyperref Info: Link nesting OFF on input line 4451.
Package hyperref Info: Hyper index ON on input line 4454.
Package hyperref Info: Plain pages OFF on input line 4461.
Package hyperref Info: Backreferencing OFF on input line 4466.
Package hyperref Info: Implicit mode ON; LaTeX internals redefined.
Package hyperref Info: Bookmarks OFF on input line 4697.
LaTeX Info: Redefining \href on input line 4955.
\c@Hy@tempcnt=\count114
LaTeX Info: Redefining \url on input line 5044.
\XeTeXLinkMargin=\dimen118
\Fld@menulength=\count115
\Field@Width=\dimen119
\Fld@charsize=\dimen120
Package hyperref Info: Hyper figures OFF on input line 6298.
Package hyperref Info: Link nesting OFF on input line 6303.
Package hyperref Info: Hyper index ON on input line 6306.
Package hyperref Info: backreferencing OFF on input line 6313.
Package hyperref Info: Link coloring ON on input line 6316.
Package hyperref Info: Link coloring with OCG OFF on input line 6323.
Package hyperref Info: PDF/A mode OFF on input line 6328.
LaTeX Info: Redefining \ref on input line 6368.
LaTeX Info: Redefining \pageref on input line 6372.
\Hy@abspage=\count116
\c@Item=\count117
\c@Hfootnote=\count118
)

Package hyperref Message: Driver (autodetected): hpdftex.

(/usr/local/texlive/2016/texmf-dist/tex/latex/hyperref/hpdftex.def
File: hpdftex.def 2016/05/05 v6.83n Hyperref driver for pdfTeX
\Fld@listcount=\count119
\c@bookmark@seq@number=\count120

(/usr/local/texlive/2016/texmf-dist/tex/latex/oberdiek/rerunfilecheck.sty
Package: rerunfilecheck 2016/05/16 v1.8 Rerun checks for auxiliary files (HO)
Package uniquecounter Info: New unique counter `rerunfilecheck' on input line 2
82.
)
\Hy@SectionHShift=\skip59
)
(/usr/local/texlive/2016/texmf-dist/tex/latex/tools/array.sty
Package: array 2014/10/28 v2.4c Tabular extension package (FMi)
\col@sep=\dimen121
\extrarowheight=\dimen122
\NC@list=\toks20
\extratabsurround=\skip60
\backup@length=\skip61
)
\colcount=\count121
\firstcolcount=\count122
\secondcolcount=\count123
\thirdcolcount=\count124
\columncount=\count125
\howmanyDs=\count126
\firsthowmanyDs=\count127
\secondhowmanyDs=\count128
\PartsOfTable=\count129
\columnoneandtwo=\count130
\colnumsused=\count131
\loopnum=\count132
\totalcolumncount=\count133
\totalcolumns=\count134
\firsttablebox=\box45
\secondtablebox=\box46
\thirdtablebox=\box47
\longtablebox=\box48
\splitbox=\box49
\movetabledown=\dimen123
\maxtablewidth=\dimen124
\savetabskip=\dimen125
\tempcounter=\count135
\colheadcount=\count136
\rotatetablebox=\box50
\colorcount=\count137
\refchangenumber=\count138
\listchangenum=\count139

(/usr/local/texlive/2016/texmf-dist/tex/generic/ulem/ulem.sty
\UL@box=\box51
\UL@hyphenbox=\box52
\UL@skip=\skip62
\UL@hook=\toks21
\UL@height=\dimen126
\UL@pe=\count140
\UL@pixel=\dimen127
\ULC@box=\box53
Package: ulem 2012/05/18
\ULdepth=\dimen128
)
\AuthorCollaborationLimit=\count141
\largestAffilNum=\count142
\countauthors=\count143
\c@affilcount=\count144
)
(/usr/local/texlive/2016/texmf-dist/tex/latex/amsmath/amsmath.sty
Package: amsmath 2016/03/10 v2.15b AMS math features
\@mathmargin=\skip63

For additional information on amsmath, use the `?' option.
(/usr/local/texlive/2016/texmf-dist/tex/latex/amsmath/amstext.sty
Package: amstext 2000/06/29 v2.01 AMS text

(/usr/local/texlive/2016/texmf-dist/tex/latex/amsmath/amsgen.sty
File: amsgen.sty 1999/11/30 v2.0 generic functions
\@emptytoks=\toks22
\ex@=\dimen129
)
LaTeX Info: Redefining \text on input line 28.
)
(/usr/local/texlive/2016/texmf-dist/tex/latex/amsmath/amsbsy.sty
Package: amsbsy 1999/11/29 v1.2d Bold Symbols
\pmbraise@=\dimen130
)
(/usr/local/texlive/2016/texmf-dist/tex/latex/amsmath/amsopn.sty
Package: amsopn 2016/03/08 v2.02 operator names
)
\inf@bad=\count145
LaTeX Info: Redefining \frac on input line 199.
\uproot@=\count146
\leftroot@=\count147
LaTeX Info: Redefining \overline on input line 297.
\classnum@=\count148
\DOTSCASE@=\count149
LaTeX Info: Redefining \ldots on input line 394.
LaTeX Info: Redefining \dots on input line 397.
LaTeX Info: Redefining \cdots on input line 518.
\Mathstrutbox@=\box54
\strutbox@=\box55
\big@size=\dimen131
LaTeX Font Info:    Redeclaring font encoding OML on input line 634.
LaTeX Font Info:    Redeclaring font encoding OMS on input line 635.
\macc@depth=\count150
\c@MaxMatrixCols=\count151
\dotsspace@=\muskip11
\c@parentequation=\count152
\dspbrk@lvl=\count153
\tag@help=\toks23
\row@=\count154
\column@=\count155
\maxfields@=\count156
\andhelp@=\toks24
\eqnshift@=\dimen132
\alignsep@=\dimen133
\tagshift@=\dimen134
\tagwidth@=\dimen135
\totwidth@=\dimen136
\lineht@=\dimen137
\@envbody=\toks25
\multlinegap=\skip64
\multlinetaggap=\skip65
\mathdisplay@stack=\toks26
LaTeX Info: Redefining \[ on input line 2739.
LaTeX Info: Redefining \] on input line 2740.
)
Class revtex4-1 Info: Unrecognized array package. Please update this document c
lass! (Proceeding with fingers crossed.) on input line 10.
Class revtex4-1 Info: Patching unrecognized longtable package. (Proceeding with
 fingers crossed) on input line 10.
Class revtex4-1 Info: Robustifying \LaTeX's \boldmath command on input line 10.

Class revtex4-1 Info: cite was not loaded (OK!) on input line 10.
Class revtex4-1 Info: mcite was not loaded (OK!) on input line 10.
Class revtex4-1 Info: multicol was not loaded (OK!) on input line 10.

(./Note_May_18.aux)
\openout1 = `Note_May_18.aux'.

LaTeX Font Info:    Checking defaults for OML/cmm/m/it on input line 10.
LaTeX Font Info:    ... okay on input line 10.
LaTeX Font Info:    Checking defaults for T1/cmr/m/n on input line 10.
LaTeX Font Info:    ... okay on input line 10.
LaTeX Font Info:    Checking defaults for OT1/cmr/m/n on input line 10.
LaTeX Font Info:    ... okay on input line 10.
LaTeX Font Info:    Checking defaults for OMS/cmsy/m/n on input line 10.
LaTeX Font Info:    ... okay on input line 10.
LaTeX Font Info:    Checking defaults for OMX/cmex/m/n on input line 10.
LaTeX Font Info:    ... okay on input line 10.
LaTeX Font Info:    Checking defaults for U/cmr/m/n on input line 10.
LaTeX Font Info:    ... okay on input line 10.
LaTeX Font Info:    Checking defaults for PD1/pdf/m/n on input line 10.
LaTeX Font Info:    ... okay on input line 10.

(/usr/local/texlive/2016/texmf-dist/tex/context/base/mkii/supp-pdf.mkii
[Loading MPS to PDF converter (version 2006.09.02).]
\scratchcounter=\count157
\scratchdimen=\dimen138
\scratchbox=\box56
\nofMPsegments=\count158
\nofMParguments=\count159
\everyMPshowfont=\toks27
\MPscratchCnt=\count160
\MPscratchDim=\dimen139
\MPnumerator=\count161
\makeMPintoPDFobject=\count162
\everyMPtoPDFconversion=\toks28
) (/usr/local/texlive/2016/texmf-dist/tex/latex/oberdiek/epstopdf-base.sty
Package: epstopdf-base 2016/05/15 v2.6 Base part for package epstopdf

(/usr/local/texlive/2016/texmf-dist/tex/latex/oberdiek/grfext.sty
Package: grfext 2016/05/16 v1.2 Manage graphics extensions (HO)
)
Package grfext Info: Graphics extension search list:
(grfext)             [.png,.pdf,.jpg,.mps,.jpeg,.jbig2,.jb2,.PNG,.PDF,.JPG,.JPE
G,.JBIG2,.JB2,.eps]
(grfext)             \AppendGraphicsExtensions on input line 456.

(/usr/local/texlive/2016/texmf-dist/tex/latex/latexconfig/epstopdf-sys.cfg
File: epstopdf-sys.cfg 2010/07/13 v1.3 Configuration of (r)epstopdf for TeX Liv
e
))
\AtBeginShipoutBox=\box57
Package hyperref Info: Link coloring ON on input line 10.

(/usr/local/texlive/2016/texmf-dist/tex/latex/hyperref/nameref.sty
Package: nameref 2012/10/27 v2.43 Cross-referencing by name of section

(/usr/local/texlive/2016/texmf-dist/tex/generic/oberdiek/gettitlestring.sty
Package: gettitlestring 2016/05/16 v1.5 Cleanup title references (HO)
)
\c@section@level=\count163
)
LaTeX Info: Redefining \ref on input line 10.
LaTeX Info: Redefining \pageref on input line 10.
LaTeX Info: Redefining \nameref on input line 10.
\openout3 = `Note_May_18Notes.bib'.

LaTeX Font Info:    Try loading font information for U+lasy on input line 14.

(/usr/local/texlive/2016/texmf-dist/tex/latex/base/ulasy.fd
File: ulasy.fd 1998/08/17 v2.2e LaTeX symbol font definitions
)
LaTeX Font Info:    Try loading font information for U+msa on input line 14.

(/usr/local/texlive/2016/texmf-dist/tex/latex/amsfonts/umsa.fd
File: umsa.fd 2013/01/14 v3.01 AMS symbols A
)
LaTeX Font Info:    Try loading font information for U+msb on input line 14.

(/usr/local/texlive/2016/texmf-dist/tex/latex/amsfonts/umsb.fd
File: umsb.fd 2013/01/14 v3.01 AMS symbols B
) [1{/usr/local/texlive/2016/texmf-var/fonts/map/pdftex/updmap/pdftex.map}]
<./pictures/rebin.png, id=13, 964.60374pt x 502.87875pt>
File: ./pictures/rebin.png Graphic file (type png)

<use ./pictures/rebin.png>
Package pdftex.def Info: ./pictures/rebin.png used on input line 20.
(pdftex.def)             Requested size: 348.92368pt x 181.90329pt.

<./pictures/nbin_DM_50.png, id=14, 1020.4524pt x 514.5624pt>
File: ./pictures/nbin_DM_50.png Graphic file (type png)

<use ./pictures/nbin_DM_50.png>
Package pdftex.def Info: ./pictures/nbin_DM_50.png used on input line 27.
(pdftex.def)             Requested size: 218.07646pt x 109.96136pt.

<./pictures/nbin_DM_100.png, id=16, 1020.4524pt x 514.5624pt>
File: ./pictures/nbin_DM_100.png Graphic file (type png)

<use ./pictures/nbin_DM_100.png>
Package pdftex.def Info: ./pictures/nbin_DM_100.png used on input line 27.
(pdftex.def)             Requested size: 218.07646pt x 109.96136pt.

<./pictures/nbin_1000.png, id=17, 579.16376pt x 656.4525pt>
File: ./pictures/nbin_1000.png Graphic file (type png)

<use ./pictures/nbin_1000.png>
Package pdftex.def Info: ./pictures/nbin_1000.png used on input line 29.
(pdftex.def)             Requested size: 87.22925pt x 98.86429pt.
 [2 <./pictures/rebin.png> <./pictures/nbin_DM_50.png> <./pictures/nbin_DM_100.
png> <./pictures/nbin_1000.png (PNG copy)>]
<./pictures/histogram.png, id=36, 1517.67pt x 1011.78pt>
File: ./pictures/histogram.png Graphic file (type png)

<use ./pictures/histogram.png>
Package pdftex.def Info: ./pictures/histogram.png used on input line 51.
(pdftex.def)             Requested size: 436.15294pt x 290.76869pt.

<./pictures/interpolation.png, id=37, 1517.67pt x 1011.78pt>
File: ./pictures/interpolation.png Graphic file (type png)

<use ./pictures/interpolation.png>
Package pdftex.def Info: ./pictures/interpolation.png used on input line 53.
(pdftex.def)             Requested size: 436.15294pt x 290.76869pt.

Underfull \hbox (badness 10000) in paragraph at lines 79--80

 []

[3] [4 <./pictures/histogram.png> <./pictures/interpolation.png>] [5] [6]
Package atveryend Info: Empty hook `AfterLastShipout' on input line 131.

(./Note_May_18.aux)
Package atveryend Info: Executing hook `AtVeryEndDocument' on input line 131.
Package atveryend Info: Empty hook `AtEndAfterFileList' on input line 131.
 ) 
Here is how much of TeX's memory you used:
 9264 strings out of 493014
 127388 string characters out of 6133351
 269063 words of memory out of 5000000
 12664 multiletter control sequences out of 15000+600000
 13124 words of font info for 53 fonts, out of 8000000 for 9000
 1141 hyphenation exceptions out of 8191
 36i,7n,37p,658b,367s stack positions out of 5000i,500n,10000p,200000b,80000s
</usr/local/texlive/2016/texmf-dist/fonts/type1/public/amsfonts/cm/cmbx9.pfb>
</usr/local/texlive/2016/texmf-dist/fonts/type1/public/amsfonts/cm/cmcsc10.pfb>
</usr/local/texlive/2016/texmf-dist/fonts/type1/public/amsfonts/cm/cmex10.pfb><
/usr/local/texlive/2016/texmf-dist/fonts/type1/public/amsfonts/cm/cmmi10.pfb></
usr/local/texlive/2016/texmf-dist/fonts/type1/public/amsfonts/cm/cmmi6.pfb></us
r/local/texlive/2016/texmf-dist/fonts/type1/public/amsfonts/cm/cmmi7.pfb></usr/
local/texlive/2016/texmf-dist/fonts/type1/public/amsfonts/cm/cmmi9.pfb></usr/lo
cal/texlive/2016/texmf-dist/fonts/type1/public/amsfonts/cm/cmr10.pfb></usr/loca
l/texlive/2016/texmf-dist/fonts/type1/public/amsfonts/cm/cmr5.pfb></usr/local/t
exlive/2016/texmf-dist/fonts/type1/public/amsfonts/cm/cmr6.pfb></usr/local/texl
ive/2016/texmf-dist/fonts/type1/public/amsfonts/cm/cmr7.pfb></usr/local/texlive
/2016/texmf-dist/fonts/type1/public/amsfonts/cm/cmr8.pfb></usr/local/texlive/20
16/texmf-dist/fonts/type1/public/amsfonts/cm/cmr9.pfb></usr/local/texlive/2016/
texmf-dist/fonts/type1/public/amsfonts/cm/cmsy10.pfb></usr/local/texlive/2016/t
exmf-dist/fonts/type1/public/amsfonts/cm/cmsy7.pfb></usr/local/texlive/2016/tex
mf-dist/fonts/type1/public/amsfonts/cm/cmti10.pfb></usr/local/texlive/2016/texm
f-dist/fonts/type1/public/amsfonts/cm/cmti9.pfb>
Output written on Note_May_18.pdf (6 pages, 2542439 bytes).
PDF statistics:
 145 PDF objects out of 1000 (max. 8388607)
 108 compressed objects within 2 object streams
 32 named destinations out of 1000 (max. 500000)
 31 words of extra memory for PDF output out of 10000 (max. 10000000)

