This is pdfTeX, Version 3.14159265-2.6-1.40.16 (TeX Live 2015/Debian) (preloaded format=pdflatex 2017.9.1)  1 SEP 2017 18:44
entering extended mode
 restricted \write18 enabled.
 %&-line parsing enabled.
**sample61.tex
(./sample61.tex
LaTeX2e <2016/02/01>
Babel <3.9q> and hyphenation patterns for 5 language(s) loaded.
(./aastex61.cls
Document Class: aastex61 2016/04/16 Version 6.1/AAS markup document class
Class aastex Info: 
 
 Original \LaTeX2.09 style by Chris Biemesderfer (chris@seagoat.com). 
 Adapted to \LaTeXe by A. Ogawa (ogawa@teleport.com)
 emulateapj.cls included, Copyright 2000-2015 Alexey Vikhlinin 
 Rewrite and update of emulateapj.cls, revised and enhanced with table macros, 
gridlines, draft watermark,
 track changes, new `modern' style and much more, by Amy Hendrickson,
 (amyh@texnology.com, http://www.texnology.com) 
 
  on input line 106.
\bibbaselineskip=\skip41
(/usr/share/texlive/texmf-dist/tex/latex/revtex/revtex4-1.cls
Document Class: revtex4-1 2010/07/25/20:33:00 4.1r (http://publish.aps.org/revt
ex4/ for documentation)
 Copyright (c) 2009 The American Physical Society.
 mailto:revtex@aps.org
 Licensed under the LPPL:
http://www.ctan.org/tex-archive/macros/latex/base/lppl.txt
 Arthur Ogawa <arthur_ogawa at sbcglobal dot net>
 Based on work by David Carlisle <david at dcarlisle.demon.co.uk>.
ltxutil[2010/07/25/20:33:00 4.1r utilities package (portions licensed from W. E
. Baxter web at superscript.com)]
LaTeX Info: Redefining \@centercr on input line 308.
Class revtex4-1 Info: Repairing broken LaTeX eqnarray on input line 358.
\eqncolsep=\skip42
Class revtex4-1 Info: Repairing hyperref-unfriendly LaTeX definition of \mpfoot
note on input line 433.
Class revtex4-1 Info: Repairing broken LateX \@sect on input line 755.
\intertabularlinepenalty=\count79
\@tbpen=\count80
\@arstrutbox@hline=\box26
Class revtex4-1 Info: Repairing broken LaTeX \@xbitor on input line 1786.
Class revtex4-1 Info: Making \typeout \long on input line 2046.
ltxfront[2010/07/25/20:33:00 4.1r frontmatter package (AO,DPC)]
\c@affil=\count81
\c@collab=\count82
\absbox=\box27
ltxgrid[2010/07/25/20:33:00 4.1r page grid package (portions licensed from W. E
. Baxter web at superscript.com)]
\c@linecount=\count83
\output@latex=\toks14
\box@size@1=\box28
\box@size@2=\box29
\@protection@box=\box30
\@topmark@saved=\toks15
\footins@saved=\box31
\footins@recovered=\box32
\column@recovered=\box33
\pagesofar=\box34
\footsofar=\box35
\pagegrid@col=\count84
Class revtex4-1 Info: Overriding \@vspace, \@vspacer, \@no@pgbk, \@newline, and
 \\  on input line 5578.
\c@part=\count85
\c@section=\count86
\c@subsection=\count87
\c@subsubsection=\count88
\c@paragraph=\count89
\c@subparagraph=\count90
\abovecaptionskip=\skip43
\belowcaptionskip=\skip44
\c@figure=\count91
\fbox@1=\box36
\c@table=\count92
\fbox@2=\box37
\c@video=\count93
\fbox@4=\box38
\@bibdataout=\write3
\widetext@top=\box39
\widetext@bot=\box40
Class revtex4-1 Info: Selecting society aps on input line 7542.
(/usr/share/texlive/texmf-dist/tex/latex/revtex/aps4-1.rtx
File: aps4-1 2010/07/25/20:33:00 4.1r (http://publish.aps.org/revtex4/ for docu
mentation)
Class revtex4-1 Info: RevTeX society APS selected on input line 31.
)
Class revtex4-1 Info: Selecting journal pra on input line 7544.
Class revtex4-1 Info: APS journal PRA selected on input line 7545.

(/usr/share/texlive/texmf-dist/tex/latex/revtex/aps10pt4-1.rtx
File: aps10pt4-1 2010/07/25/20:33:00 4.1r (http://publish.aps.org/revtex4/ for 
documentation)
Class revtex4-1 Info: RevTeX pointsize 10pt selected on input line 30.
)
(/usr/share/texlive/texmf-dist/tex/latex/textcase/textcase.sty
Package: textcase 2004/10/07 v0.07 Text only upper/lower case changing (DPC)
)
(/usr/share/texlive/texmf-dist/tex/latex/url/url.sty
\Urlmuskip=\muskip10
Package: url 2013/09/16  ver 3.4  Verb mode for urls, etc.
)
(/usr/share/texlive/texmf-dist/tex/latex/natbib/natbib.sty
Package: natbib 2010/09/13 8.31b (PWD, AO)
\bibhang=\skip45
\bibsep=\skip46
LaTeX Info: Redefining \cite on input line 694.
\c@NAT@ctr=\count94
)
Class revtex4-1 Info: Repairing natbib's \BibitemShut on input line 7549.

(/usr/share/texlive/texmf-dist/tex/latex/revtex/revsymb4-1.sty
Package: revsymb4-1 2010/07/25/20:33:00 4.1r (http://publish.aps.org/revtex4/ f
or documentation)
LaTeX Info: Redefining \REV@mathfrak on input line 119.
))
(/usr/share/texlive/texmf-dist/tex/latex/base/latexsym.sty
Package: latexsym 1998/08/17 v2.2e Standard LaTeX package (lasy symbols)
\symlasy=\mathgroup4
LaTeX Font Info:    Overwriting symbol font `lasy' in version `bold'
(Font)                  U/lasy/m/n --> U/lasy/b/n on input line 52.
)
(/usr/share/texlive/texmf-dist/tex/latex/graphics/graphicx.sty
Package: graphicx 2014/10/28 v1.0g Enhanced LaTeX Graphics (DPC,SPQR)

(/usr/share/texlive/texmf-dist/tex/latex/graphics/keyval.sty
Package: keyval 2014/10/28 v1.15 key=value parser (DPC)
\KV@toks@=\toks16
)
(/usr/share/texlive/texmf-dist/tex/latex/graphics/graphics.sty
Package: graphics 2016/01/03 v1.0q Standard LaTeX Graphics (DPC,SPQR)

(/usr/share/texlive/texmf-dist/tex/latex/graphics/trig.sty
Package: trig 2016/01/03 v1.10 sin cos tan (DPC)
)
(/usr/share/texlive/texmf-dist/tex/latex/latexconfig/graphics.cfg
File: graphics.cfg 2010/04/23 v1.9 graphics configuration of TeX Live
)
Package graphics Info: Driver file: pdftex.def on input line 95.

(/usr/share/texlive/texmf-dist/tex/latex/pdftex-def/pdftex.def
File: pdftex.def 2011/05/27 v0.06d Graphics/color for pdfTeX

(/usr/share/texlive/texmf-dist/tex/generic/oberdiek/infwarerr.sty
Package: infwarerr 2010/04/08 v1.3 Providing info/warning/error messages (HO)
)
(/usr/share/texlive/texmf-dist/tex/generic/oberdiek/ltxcmds.sty
Package: ltxcmds 2011/11/09 v1.22 LaTeX kernel commands for general use (HO)
)
\Gread@gobject=\count95
))
\Gin@req@height=\dimen102
\Gin@req@width=\dimen103
)
(/usr/share/texlive/texmf-dist/tex/latex/amsfonts/amssymb.sty
Package: amssymb 2013/01/14 v3.01 AMS font symbols

(/usr/share/texlive/texmf-dist/tex/latex/amsfonts/amsfonts.sty
Package: amsfonts 2013/01/14 v3.01 Basic AMSFonts support
\@emptytoks=\toks17
\symAMSa=\mathgroup5
\symAMSb=\mathgroup6
LaTeX Font Info:    Overwriting math alphabet `\mathfrak' in version `bold'
(Font)                  U/euf/m/n --> U/euf/b/n on input line 106.
LaTeX Info: Redefining \frak on input line 111.
LaTeX Info: Redefining \Bbb on input line 113.
))
(/usr/share/texlive/texmf-dist/tex/generic/epsf/epsf.sty
This is `epsf.tex' v2.7.4 <14 February 2011>
\epsffilein=\read1
\epsfframemargin=\dimen104
\epsfframethickness=\dimen105
\epsfrsize=\dimen106
\epsftmp=\dimen107
\epsftsize=\dimen108
\epsfxsize=\dimen109
\epsfysize=\dimen110
\pspoints=\dimen111
)
\fncount=\count96
\endfncount=\count97
\c@front@matter@foot@note=\count98
\keys@width=\skip47
\c@lastfootnote=\count99
\c@remember@figure@num=\count100
\c@remember@table@num=\count101
\bibskip=\skip48
\bibindent=\dimen112
\plot@width=\skip49
\c@table@save=\count102
\@abovenoteskip=\dimen113
\table@note@skip=\skip50
\deluxe@table@width=\skip51
\@d@t@a=\skip52
\c@deluxe@table@num=\count103
\LTcapwidth=\dimen114
\abovedeluxetableskip=\skip53
\belowdeluxetableskip=\skip54
\lastrowheight=\dimen115
\DT@p@ftn=\toks18
\pt@column=\count104
\pt@ncol=\count105
 (/usr/share/texlive/texmf-dist/tex/latex/tools/longtable.sty
Package: longtable 2014/10/28 v4.11 Multi-page Table package (DPC)
\LTleft=\skip55
\LTright=\skip56
\LTpre=\skip57
\LTpost=\skip58
\LTchunksize=\count106
\LTcapwidth=\dimen116
\LT@head=\box41
\LT@firsthead=\box42
\LT@foot=\box43
\LT@lastfoot=\box44
\LT@cols=\count107
\LT@rows=\count108
\c@LT@tables=\count109
\c@LT@chunks=\count110
\LT@p@ftn=\toks19
)
(/usr/share/texlive/texmf-dist/tex/latex/xcolor/xcolor.sty
Package: xcolor 2007/01/21 v2.11 LaTeX color extensions (UK)

(/usr/share/texlive/texmf-dist/tex/latex/latexconfig/color.cfg
File: color.cfg 2007/01/18 v1.5 color configuration of teTeX/TeXLive
)
Package xcolor Info: Driver file: pdftex.def on input line 225.
Package xcolor Info: Model `cmy' substituted by `cmy0' on input line 1337.
Package xcolor Info: Model `hsb' substituted by `rgb' on input line 1341.
Package xcolor Info: Model `RGB' extended on input line 1353.
Package xcolor Info: Model `HTML' substituted by `rgb' on input line 1355.
Package xcolor Info: Model `Hsb' substituted by `hsb' on input line 1356.
Package xcolor Info: Model `tHsb' substituted by `hsb' on input line 1357.
Package xcolor Info: Model `HSB' substituted by `hsb' on input line 1358.
Package xcolor Info: Model `Gray' substituted by `gray' on input line 1359.
Package xcolor Info: Model `wave' substituted by `hsb' on input line 1360.
)
(/usr/share/texlive/texmf-dist/tex/latex/hyperref/hyperref.sty
Package: hyperref 2012/11/06 v6.83m Hypertext links for LaTeX

(/usr/share/texlive/texmf-dist/tex/generic/oberdiek/hobsub-hyperref.sty
Package: hobsub-hyperref 2012/05/28 v1.13 Bundle oberdiek, subset hyperref (HO)


(/usr/share/texlive/texmf-dist/tex/generic/oberdiek/hobsub-generic.sty
Package: hobsub-generic 2012/05/28 v1.13 Bundle oberdiek, subset generic (HO)
Package: hobsub 2012/05/28 v1.13 Construct package bundles (HO)
Package hobsub Info: Skipping package `infwarerr' (already loaded).
Package hobsub Info: Skipping package `ltxcmds' (already loaded).
Package: ifluatex 2010/03/01 v1.3 Provides the ifluatex switch (HO)
Package ifluatex Info: LuaTeX not detected.
Package: ifvtex 2010/03/01 v1.5 Detect VTeX and its facilities (HO)
Package ifvtex Info: VTeX not detected.
Package: intcalc 2007/09/27 v1.1 Expandable calculations with integers (HO)
Package: ifpdf 2011/01/30 v2.3 Provides the ifpdf switch (HO)
Package ifpdf Info: pdfTeX in PDF mode is detected.
Package: etexcmds 2011/02/16 v1.5 Avoid name clashes with e-TeX commands (HO)
Package etexcmds Info: Could not find \expanded.
(etexcmds)             That can mean that you are not using pdfTeX 1.50 or
(etexcmds)             that some package has redefined \expanded.
(etexcmds)             In the latter case, load this package earlier.
Package: kvsetkeys 2012/04/25 v1.16 Key value parser (HO)
Package: kvdefinekeys 2011/04/07 v1.3 Define keys (HO)
Package: pdftexcmds 2011/11/29 v0.20 Utility functions of pdfTeX for LuaTeX (HO
)
Package pdftexcmds Info: LuaTeX not detected.
Package pdftexcmds Info: \pdf@primitive is available.
Package pdftexcmds Info: \pdf@ifprimitive is available.
Package pdftexcmds Info: \pdfdraftmode found.
Package: pdfescape 2011/11/25 v1.13 Implements pdfTeX's escape features (HO)
Package: bigintcalc 2012/04/08 v1.3 Expandable calculations on big integers (HO
)
Package: bitset 2011/01/30 v1.1 Handle bit-vector datatype (HO)
Package: uniquecounter 2011/01/30 v1.2 Provide unlimited unique counter (HO)
)
Package hobsub Info: Skipping package `hobsub' (already loaded).
Package: letltxmacro 2010/09/02 v1.4 Let assignment for LaTeX macros (HO)
Package: hopatch 2012/05/28 v1.2 Wrapper for package hooks (HO)
Package: xcolor-patch 2011/01/30 xcolor patch
Package: atveryend 2011/06/30 v1.8 Hooks at the very end of document (HO)
Package: atbegshi 2011/10/05 v1.16 At begin shipout hook (HO)
Package: refcount 2011/10/16 v3.4 Data extraction from label references (HO)
Package: hycolor 2011/01/30 v1.7 Color options for hyperref/bookmark (HO)
)
(/usr/share/texlive/texmf-dist/tex/generic/ifxetex/ifxetex.sty
Package: ifxetex 2010/09/12 v0.6 Provides ifxetex conditional
)
(/usr/share/texlive/texmf-dist/tex/latex/oberdiek/auxhook.sty
Package: auxhook 2011/03/04 v1.3 Hooks for auxiliary files (HO)
)
(/usr/share/texlive/texmf-dist/tex/latex/oberdiek/kvoptions.sty
Package: kvoptions 2011/06/30 v3.11 Key value format for package options (HO)
)
\@linkdim=\dimen117
\Hy@linkcounter=\count111
\Hy@pagecounter=\count112

(/usr/share/texlive/texmf-dist/tex/latex/hyperref/pd1enc.def
File: pd1enc.def 2012/11/06 v6.83m Hyperref: PDFDocEncoding definition (HO)
)
\Hy@SavedSpaceFactor=\count113

(/usr/share/texlive/texmf-dist/tex/latex/latexconfig/hyperref.cfg
File: hyperref.cfg 2002/06/06 v1.2 hyperref configuration of TeXLive
)
Package hyperref Info: Option `bookmarks' set `false' on input line 4319.
Package hyperref Info: Option `pdfnewwindow' set `true' on input line 4319.
Package hyperref Info: Option `colorlinks' set `true' on input line 4319.
Package hyperref Info: Option `final' set `true' on input line 4319.
Package hyperref Info: Hyper figures OFF on input line 4443.
Package hyperref Info: Link nesting OFF on input line 4448.
Package hyperref Info: Hyper index ON on input line 4451.
Package hyperref Info: Plain pages OFF on input line 4458.
Package hyperref Info: Backreferencing OFF on input line 4463.
Package hyperref Info: Implicit mode ON; LaTeX internals redefined.
Package hyperref Info: Bookmarks OFF on input line 4694.
LaTeX Info: Redefining \href on input line 4952.
\c@Hy@tempcnt=\count114
LaTeX Info: Redefining \url on input line 5041.
\XeTeXLinkMargin=\dimen118
\Fld@menulength=\count115
\Field@Width=\dimen119
\Fld@charsize=\dimen120
Package hyperref Info: Hyper figures OFF on input line 6295.
Package hyperref Info: Link nesting OFF on input line 6300.
Package hyperref Info: Hyper index ON on input line 6303.
Package hyperref Info: backreferencing OFF on input line 6310.
Package hyperref Info: Link coloring ON on input line 6313.
Package hyperref Info: Link coloring with OCG OFF on input line 6320.
Package hyperref Info: PDF/A mode OFF on input line 6325.
LaTeX Info: Redefining \ref on input line 6365.
LaTeX Info: Redefining \pageref on input line 6369.
\Hy@abspage=\count116
\c@Item=\count117
\c@Hfootnote=\count118
)

Package hyperref Message: Driver (autodetected): hpdftex.

(/usr/share/texlive/texmf-dist/tex/latex/hyperref/hpdftex.def
File: hpdftex.def 2012/11/06 v6.83m Hyperref driver for pdfTeX
\Fld@listcount=\count119
\c@bookmark@seq@number=\count120

(/usr/share/texlive/texmf-dist/tex/latex/oberdiek/rerunfilecheck.sty
Package: rerunfilecheck 2011/04/15 v1.7 Rerun checks for auxiliary files (HO)
Package uniquecounter Info: New unique counter `rerunfilecheck' on input line 2
82.
)
\Hy@SectionHShift=\skip59
)
(/usr/share/texlive/texmf-dist/tex/latex/tools/array.sty
Package: array 2014/10/28 v2.4c Tabular extension package (FMi)
\col@sep=\dimen121
\extrarowheight=\dimen122
\NC@list=\toks20
\extratabsurround=\skip60
\backup@length=\skip61
)
\colcount=\count121
\firstcolcount=\count122
\secondcolcount=\count123
\thirdcolcount=\count124
\columncount=\count125
\howmanyDs=\count126
\firsthowmanyDs=\count127
\secondhowmanyDs=\count128
\PartsOfTable=\count129
\columnoneandtwo=\count130
\colnumsused=\count131
\loopnum=\count132
\totalcolumncount=\count133
\totalcolumns=\count134
\firsttablebox=\box45
\secondtablebox=\box46
\thirdtablebox=\box47
\longtablebox=\box48
\splitbox=\box49
\movetabledown=\dimen123
\maxtablewidth=\dimen124
\savetabskip=\dimen125
\tempcounter=\count135
\colheadcount=\count136
\rotatetablebox=\box50
\colorcount=\count137
\refchangenumber=\count138
\listchangenum=\count139

(/usr/share/texlive/texmf-dist/tex/generic/ulem/ulem.sty
\UL@box=\box51
\UL@hyphenbox=\box52
\UL@skip=\skip62
\UL@hook=\toks21
\UL@height=\dimen126
\UL@pe=\count140
\UL@pixel=\dimen127
\ULC@box=\box53
Package: ulem 2012/05/18
\ULdepth=\dimen128
)
\AuthorCollaborationLimit=\count141
\largestAffilNum=\count142
\countauthors=\count143
\c@affilcount=\count144
)
Class revtex4-1 Info: Unrecognized array package. Please update this document c
lass! (Proceeding with fingers crossed.) on input line 139.
Class revtex4-1 Info: Patching unrecognized longtable package. (Proceeding with
 fingers crossed) on input line 139.
Class revtex4-1 Info: Robustifying \LaTeX's \boldmath command on input line 139
.
Class revtex4-1 Info: cite was not loaded (OK!) on input line 139.
Class revtex4-1 Info: mcite was not loaded (OK!) on input line 139.
Class revtex4-1 Info: multicol was not loaded (OK!) on input line 139.
 (build/sample61.aux)
\openout1 = `sample61.aux'.

LaTeX Font Info:    Checking defaults for OML/cmm/m/it on input line 139.
LaTeX Font Info:    ... okay on input line 139.
LaTeX Font Info:    Checking defaults for T1/cmr/m/n on input line 139.
LaTeX Font Info:    ... okay on input line 139.
LaTeX Font Info:    Checking defaults for OT1/cmr/m/n on input line 139.
LaTeX Font Info:    ... okay on input line 139.
LaTeX Font Info:    Checking defaults for OMS/cmsy/m/n on input line 139.
LaTeX Font Info:    ... okay on input line 139.
LaTeX Font Info:    Checking defaults for OMX/cmex/m/n on input line 139.
LaTeX Font Info:    ... okay on input line 139.
LaTeX Font Info:    Checking defaults for U/cmr/m/n on input line 139.
LaTeX Font Info:    ... okay on input line 139.
LaTeX Font Info:    Checking defaults for PD1/pdf/m/n on input line 139.
LaTeX Font Info:    ... okay on input line 139.
(/usr/share/texlive/texmf-dist/tex/context/base/supp-pdf.mkii
[Loading MPS to PDF converter (version 2006.09.02).]
\scratchcounter=\count145
\scratchdimen=\dimen129
\scratchbox=\box54
\nofMPsegments=\count146
\nofMParguments=\count147
\everyMPshowfont=\toks22
\MPscratchCnt=\count148
\MPscratchDim=\dimen130
\MPnumerator=\count149
\makeMPintoPDFobject=\count150
\everyMPtoPDFconversion=\toks23
) (/usr/share/texlive/texmf-dist/tex/latex/oberdiek/epstopdf-base.sty
Package: epstopdf-base 2010/02/09 v2.5 Base part for package epstopdf

(/usr/share/texlive/texmf-dist/tex/latex/oberdiek/grfext.sty
Package: grfext 2010/08/19 v1.1 Manage graphics extensions (HO)
)
Package grfext Info: Graphics extension search list:
(grfext)             [.png,.pdf,.jpg,.mps,.jpeg,.jbig2,.jb2,.PNG,.PDF,.JPG,.JPE
G,.JBIG2,.JB2,.eps]
(grfext)             \AppendGraphicsExtensions on input line 452.

(/usr/share/texlive/texmf-dist/tex/latex/latexconfig/epstopdf-sys.cfg
File: epstopdf-sys.cfg 2010/07/13 v1.3 Configuration of (r)epstopdf for TeX Liv
e
))
\AtBeginShipoutBox=\box55
Package hyperref Info: Link coloring ON on input line 139.

(/usr/share/texlive/texmf-dist/tex/latex/hyperref/nameref.sty
Package: nameref 2012/10/27 v2.43 Cross-referencing by name of section

(/usr/share/texlive/texmf-dist/tex/generic/oberdiek/gettitlestring.sty
Package: gettitlestring 2010/12/03 v1.4 Cleanup title references (HO)
)
\c@section@level=\count151
)
LaTeX Info: Redefining \ref on input line 139.
LaTeX Info: Redefining \pageref on input line 139.
LaTeX Info: Redefining \nameref on input line 139.
\openout3 = `sample61Notes.bib'.

LaTeX Font Info:    Try loading font information for U+lasy on input line 190.

(/usr/share/texlive/texmf-dist/tex/latex/base/ulasy.fd
File: ulasy.fd 1998/08/17 v2.2e LaTeX symbol font definitions
)
LaTeX Font Info:    Try loading font information for U+msa on input line 190.

(/usr/share/texlive/texmf-dist/tex/latex/amsfonts/umsa.fd
File: umsa.fd 2013/01/14 v3.01 AMS symbols A
)
LaTeX Font Info:    Try loading font information for U+msb on input line 190.

(/usr/share/texlive/texmf-dist/tex/latex/amsfonts/umsb.fd
File: umsb.fd 2013/01/14 v3.01 AMS symbols B
)
Overfull \hbox (9.03374pt too wide) in paragraph at lines 277--277
[][] 
 []

[1{/var/lib/texmf/fonts/map/pdftex/updmap/pdftex.map}] [2]
Underfull \hbox (badness 10000) in paragraph at lines 380--382

 []

LaTeX Font Info:    Try loading font information for OMS+cmtt on input line 383
.
LaTeX Font Info:    No file OMScmtt.fd. on input line 383.

LaTeX Font Warning: Font shape `OMS/cmtt/m/n' undefined
(Font)              using `OMS/cmsy/m/n' instead
(Font)              for symbol `textbraceleft' on input line 383.


Underfull \hbox (badness 10000) in paragraph at lines 383--384

 []


Underfull \hbox (badness 10000) in paragraph at lines 385--388

 []


Underfull \hbox (badness 10000) in paragraph at lines 389--392

 []

[3]
Underfull \hbox (badness 10000) detected at line 466
$\OML/cmm/m/it/9 a$
 []


Underfull \hbox (badness 10000) detected at line 467
$\OML/cmm/m/it/9 b$
 []


Underfull \hbox (badness 3029) in paragraph at lines 467--467
 []|$[]$\OT1/cmr/m/n/9 Accounts for the change from page
 []

[4]
Underfull \hbox (badness 10000) detected at line 522
$\OML/cmm/m/it/9 a$
 []

[5]pdfTeX warning (ext4): destination with the same identifier (name{table.3}) 
has been already used, duplicate ignored
<to be read again> 
                   \relax 
l.622 \caption{Decimal alignment made easy}
                                            \label{tab:decimal} [6] [7]

LaTeX Font Warning: Command \footnotesize invalid in math mode on input line 81
6.


LaTeX Font Warning: Command \footnotesize invalid in math mode on input line 81
6.


LaTeX Font Warning: Command \footnotesize invalid in math mode on input line 81
6.


LaTeX Font Warning: Command \footnotesize invalid in math mode on input line 81
6.


LaTeX Font Warning: Command \footnotesize invalid in math mode on input line 81
6.


LaTeX Warning: `!h' float specifier changed to `!ht'.

Package epstopdf Info: Source file: <cost.eps>
(epstopdf)                    date: 2016-11-28 17:09:06
(epstopdf)                    size: 33984 bytes
(epstopdf)             Output file: <cost-eps-converted-to.pdf>
(epstopdf)                    date: 2016-11-28 17:09:06
(epstopdf)                    size: 14792 bytes
(epstopdf)             Command: <repstopdf --outfile=cost-eps-converted-to.pdf 
cost.eps>
(epstopdf)             \includegraphics on input line 824.
Package epstopdf Info: Output file is already uptodate.
<cost-eps-converted-to.pdf, id=131, 505.89pt x 361.35pt>
File: cost-eps-converted-to.pdf Graphic file (type pdf)

<use cost-eps-converted-to.pdf>
Package pdftex.def Info: cost-eps-converted-to.pdf used on input line 824.
(pdftex.def)             Requested size: 436.15294pt x 311.54341pt.
 [8]
Package epstopdf Info: Source file: <RS_Oph.eps>
(epstopdf)                    date: 2016-11-28 17:09:06
(epstopdf)                    size: 25889 bytes
(epstopdf)             Output file: <RS_Oph-eps-converted-to.pdf>
(epstopdf)                    date: 2016-11-28 17:09:06
(epstopdf)                    size: 14216 bytes
(epstopdf)             Command: <repstopdf --outfile=RS_Oph-eps-converted-to.pd
f RS_Oph.eps>
(epstopdf)             \includegraphics on input line 849.
Package epstopdf Info: Output file is already uptodate.

<RS_Oph-eps-converted-to.pdf, id=148, 505.89pt x 361.35pt>
File: RS_Oph-eps-converted-to.pdf Graphic file (type pdf)

<use RS_Oph-eps-converted-to.pdf>
Package pdftex.def Info: RS_Oph-eps-converted-to.pdf used on input line 849.
(pdftex.def)             Requested size: 218.07646pt x 155.76895pt.
Package epstopdf Info: Source file: <U_Sco.eps>
(epstopdf)                    date: 2016-11-28 17:09:06
(epstopdf)                    size: 26653 bytes
(epstopdf)             Output file: <U_Sco-eps-converted-to.pdf>
(epstopdf)                    date: 2016-11-28 17:09:06
(epstopdf)                    size: 14627 bytes
(epstopdf)             Command: <repstopdf --outfile=U_Sco-eps-converted-to.pdf
 U_Sco.eps>
(epstopdf)             \includegraphics on input line 849.
Package epstopdf Info: Output file is already uptodate.

<U_Sco-eps-converted-to.pdf, id=149, 505.89pt x 361.35pt>
File: U_Sco-eps-converted-to.pdf Graphic file (type pdf)

<use U_Sco-eps-converted-to.pdf>
Package pdftex.def Info: U_Sco-eps-converted-to.pdf used on input line 849.
(pdftex.def)             Requested size: 218.07646pt x 155.76895pt.
 [9pdfTeX warning (ext4): destination with the same identifier (name{table.6}) 
has been already used, duplicate ignored

\AtBegShi@Output ...ipout \box \AtBeginShipoutBox 
                                                  \fi \fi 
l.890 
      ]
Package epstopdf Info: Source file: <V2491_Cyg.eps>
(epstopdf)                    date: 2016-11-28 17:09:06
(epstopdf)                    size: 25052 bytes
(epstopdf)             Output file: <V2491_Cyg-eps-converted-to.pdf>
(epstopdf)                    date: 2016-11-28 17:09:06
(epstopdf)                    size: 13986 bytes
(epstopdf)             Command: <repstopdf --outfile=V2491_Cyg-eps-converted-to
.pdf V2491_Cyg.eps>
(epstopdf)             \includegraphics on input line 899.
Package epstopdf Info: Output file is already uptodate.
 <V2491_Cyg-eps-converted-to.pdf, id=165, 505.89pt x 361.35pt>
File: V2491_Cyg-eps-converted-to.pdf Graphic file (type pdf)

<use V2491_Cyg-eps-converted-to.pdf>
Package pdftex.def Info: V2491_Cyg-eps-converted-to.pdf used on input line 899.

(pdftex.def)             Requested size: 153.93678pt x 109.9552pt.
Package epstopdf Info: Source file: <CSS081007.eps>
(epstopdf)                    date: 2016-11-28 17:09:06
(epstopdf)                    size: 28333 bytes
(epstopdf)             Output file: <CSS081007-eps-converted-to.pdf>
(epstopdf)                    date: 2016-11-28 17:09:06
(epstopdf)                    size: 15435 bytes
(epstopdf)             Command: <repstopdf --outfile=CSS081007-eps-converted-to
.pdf CSS081007.eps>
(epstopdf)             \includegraphics on input line 899.
Package epstopdf Info: Output file is already uptodate.

<CSS081007-eps-converted-to.pdf, id=166, 505.89pt x 361.35pt>
File: CSS081007-eps-converted-to.pdf Graphic file (type pdf)

<use CSS081007-eps-converted-to.pdf>
Package pdftex.def Info: CSS081007-eps-converted-to.pdf used on input line 899.

(pdftex.def)             Requested size: 153.93678pt x 109.9552pt.
Package epstopdf Info: Source file: <LMC_2009.eps>
(epstopdf)                    date: 2016-11-28 17:09:06
(epstopdf)                    size: 24626 bytes
(epstopdf)             Output file: <LMC_2009-eps-converted-to.pdf>
(epstopdf)                    date: 2016-11-28 17:09:06
(epstopdf)                    size: 13810 bytes
(epstopdf)             Command: <repstopdf --outfile=LMC_2009-eps-converted-to.
pdf LMC_2009.eps>
(epstopdf)             \includegraphics on input line 899.
Package epstopdf Info: Output file is already uptodate.

<LMC_2009-eps-converted-to.pdf, id=167, 505.89pt x 361.35pt>
File: LMC_2009-eps-converted-to.pdf Graphic file (type pdf)

<use LMC_2009-eps-converted-to.pdf>
Package pdftex.def Info: LMC_2009-eps-converted-to.pdf used on input line 899.
(pdftex.def)             Requested size: 153.93678pt x 109.9552pt.
Package epstopdf Info: Source file: <RS_Oph.eps>
(epstopdf)                    date: 2016-11-28 17:09:06
(epstopdf)                    size: 25889 bytes
(epstopdf)             Output file: <RS_Oph-eps-converted-to.pdf>
(epstopdf)                    date: 2016-11-28 17:09:06
(epstopdf)                    size: 14216 bytes
(epstopdf)             Command: <repstopdf --outfile=RS_Oph-eps-converted-to.pd
f RS_Oph.eps>
(epstopdf)             \includegraphics on input line 902.
Package epstopdf Info: Output file is already uptodate.
File: RS_Oph-eps-converted-to.pdf Graphic file (type pdf)
 <use RS_Oph-eps-converted-to.pdf>
Package pdftex.def Info: RS_Oph-eps-converted-to.pdf used on input line 902.
(pdftex.def)             Requested size: 153.93678pt x 109.9552pt.
Package epstopdf Info: Source file: <U_Sco.eps>
(epstopdf)                    date: 2016-11-28 17:09:06
(epstopdf)                    size: 26653 bytes
(epstopdf)             Output file: <U_Sco-eps-converted-to.pdf>
(epstopdf)                    date: 2016-11-28 17:09:06
(epstopdf)                    size: 14627 bytes
(epstopdf)             Command: <repstopdf --outfile=U_Sco-eps-converted-to.pdf
 U_Sco.eps>
(epstopdf)             \includegraphics on input line 902.
Package epstopdf Info: Output file is already uptodate.
File: U_Sco-eps-converted-to.pdf Graphic file (type pdf)

<use U_Sco-eps-converted-to.pdf>
Package pdftex.def Info: U_Sco-eps-converted-to.pdf used on input line 902.
(pdftex.def)             Requested size: 153.93678pt x 109.9552pt.
Package epstopdf Info: Source file: <KT_Eri.eps>
(epstopdf)                    date: 2016-11-28 17:09:06
(epstopdf)                    size: 40154 bytes
(epstopdf)             Output file: <KT_Eri-eps-converted-to.pdf>
(epstopdf)                    date: 2016-11-28 17:09:06
(epstopdf)                    size: 20541 bytes
(epstopdf)             Command: <repstopdf --outfile=KT_Eri-eps-converted-to.pd
f KT_Eri.eps>
(epstopdf)             \includegraphics on input line 903.
Package epstopdf Info: Output file is already uptodate.

<KT_Eri-eps-converted-to.pdf, id=168, 505.89pt x 361.35pt>
File: KT_Eri-eps-converted-to.pdf Graphic file (type pdf)

<use KT_Eri-eps-converted-to.pdf>
Package pdftex.def Info: KT_Eri-eps-converted-to.pdf used on input line 903.
(pdftex.def)             Requested size: 153.93678pt x 109.9552pt.
 [10 <./cost-eps-converted-to.pdf> <./RS_Oph-eps-converted-to.pdf> <./U_Sco-eps
-converted-to.pdf>]
Package epstopdf Info: Source file: <KT_Eri.eps>
(epstopdf)                    date: 2016-11-28 17:09:06
(epstopdf)                    size: 40154 bytes
(epstopdf)             Output file: <KT_Eri-eps-converted-to.pdf>
(epstopdf)                    date: 2016-11-28 17:09:06
(epstopdf)                    size: 20541 bytes
(epstopdf)             Command: <repstopdf --outfile=KT_Eri-eps-converted-to.pd
f KT_Eri.eps>
(epstopdf)             \includegraphics on input line 996.
Package epstopdf Info: Output file is already uptodate.
File: KT_Eri-eps-converted-to.pdf Graphic file (type pdf)

<use KT_Eri-eps-converted-to.pdf>
Package pdftex.def Info: KT_Eri-eps-converted-to.pdf used on input line 996.
(pdftex.def)             Requested size: 436.15294pt x 311.54341pt.
Package epstopdf Info: Source file: <video3.eps>
(epstopdf)                    date: 2016-11-28 17:09:06
(epstopdf)                    size: 2052713 bytes
(epstopdf)             Output file: <video3-eps-converted-to.pdf>
(epstopdf)                    date: 2016-11-28 17:09:06
(epstopdf)                    size: 98701 bytes
(epstopdf)             Command: <repstopdf --outfile=video3-eps-converted-to.pd
f video3.eps>
(epstopdf)             \includegraphics on input line 1015.
Package epstopdf Info: Output file is already uptodate.

<video3-eps-converted-to.pdf, id=181, 614.295pt x 794.97pt>
File: video3-eps-converted-to.pdf Graphic file (type pdf)

<use video3-eps-converted-to.pdf>
Package pdftex.def Info: video3-eps-converted-to.pdf used on input line 1015.
(pdftex.def)             Requested size: 436.15294pt x 564.43265pt.
 [11 <./V2491_Cyg-eps-converted-to.pdf> <./CSS081007-eps-converted-to.pdf> <./L
MC_2009-eps-converted-to.pdf> <./KT_Eri-eps-converted-to.pdf>] [12] [13 <./vide
o3-eps-converted-to.pdf>]
LaTeX Font Info:    Try loading font information for OMS+cmr on input line 1067
.

(/usr/share/texlive/texmf-dist/tex/latex/base/omscmr.fd
File: omscmr.fd 2014/09/29 v2.5h Standard LaTeX font definitions
)
LaTeX Font Info:    Font shape `OMS/cmr/m/n' in size <10> not available
(Font)              Font shape `OMS/cmsy/m/n' tried instead on input line 1067.


Underfull \hbox (badness 3375) in paragraph at lines 1108--1124
\OT1/cmtt/m/n/10 added info>\OMS/cmsy/m/n/10 g\OT1/cmr/m/n/10 , \OT1/cmtt/m/n/1
0 \deleted\OMS/cmsy/m/n/10 f\OT1/cmtt/m/n/10 <this can be deleted text>\OMS/cms
y/m/n/10 g\OT1/cmr/m/n/10 , \OT1/cmtt/m/n/10 \replaced\OMS/cmsy/m/n/10 f\OT1/cm
tt/m/n/10 <old data>\OMS/cmsy/m/n/10 gf\OT1/cmtt/m/n/10 <replaced data>\OMS/cms
y/m/n/10 g\OT1/cmr/m/n/10 , and 
 []


Underfull \hbox (badness 10000) in paragraph at lines 1171--1176
\OT1/cmr/m/n/10 plus each one's pros and cons are given at 
 []

[14]
Underfull \hbox (badness 10000) in paragraph at lines 1177--1178

 []


Underfull \hbox (badness 10000) in paragraph at lines 1179--1180

 []

[15] [16] [17] [18]
Package atveryend Info: Empty hook `AfterLastShipout' on input line 1406.
 (build/sample61.aux)
Package atveryend Info: Executing hook `AtVeryEndDocument' on input line 1406.
Package atveryend Info: Empty hook `AtEndAfterFileList' on input line 1406.


LaTeX Font Warning: Some font shapes were not available, defaults substituted.

 ) 
Here is how much of TeX's memory you used:
 8988 strings out of 494910
 124454 string characters out of 6179837
 359851 words of memory out of 5000000
 12085 multiletter control sequences out of 15000+600000
 16153 words of font info for 64 fonts, out of 8000000 for 9000
 36 hyphenation exceptions out of 8191
 36i,13n,37p,251b,539s stack positions out of 5000i,500n,10000p,200000b,80000s
</usr/share/texlive/texmf-dist/fonts/type1/public/amsfonts/cm/cmbx10.pfb></us
r/share/texlive/texmf-dist/fonts/type1/public/amsfonts/cm/cmbx7.pfb></usr/share
/texlive/texmf-dist/fonts/type1/public/amsfonts/cm/cmbx9.pfb></usr/share/texliv
e/texmf-dist/fonts/type1/public/amsfonts/cm/cmcsc10.pfb></usr/share/texlive/tex
mf-dist/fonts/type1/public/amsfonts/cm/cmex10.pfb></usr/share/texlive/texmf-dis
t/fonts/type1/public/amsfonts/cm/cmmi10.pfb></usr/share/texlive/texmf-dist/font
s/type1/public/amsfonts/cm/cmmi5.pfb></usr/share/texlive/texmf-dist/fonts/type1
/public/amsfonts/cm/cmmi7.pfb></usr/share/texlive/texmf-dist/fonts/type1/public
/amsfonts/cm/cmmi9.pfb></usr/share/texlive/texmf-dist/fonts/type1/public/amsfon
ts/cm/cmr10.pfb></usr/share/texlive/texmf-dist/fonts/type1/public/amsfonts/cm/c
mr5.pfb></usr/share/texlive/texmf-dist/fonts/type1/public/amsfonts/cm/cmr6.pfb>
</usr/share/texlive/texmf-dist/fonts/type1/public/amsfonts/cm/cmr7.pfb></usr/sh
are/texlive/texmf-dist/fonts/type1/public/amsfonts/cm/cmr8.pfb></usr/share/texl
ive/texmf-dist/fonts/type1/public/amsfonts/cm/cmr9.pfb></usr/share/texlive/texm
f-dist/fonts/type1/public/amsfonts/cm/cmsy10.pfb></usr/share/texlive/texmf-dist
/fonts/type1/public/amsfonts/cm/cmsy5.pfb></usr/share/texlive/texmf-dist/fonts/
type1/public/amsfonts/cm/cmsy6.pfb></usr/share/texlive/texmf-dist/fonts/type1/p
ublic/amsfonts/cm/cmsy7.pfb></usr/share/texlive/texmf-dist/fonts/type1/public/a
msfonts/cm/cmsy9.pfb></usr/share/texlive/texmf-dist/fonts/type1/public/amsfonts
/cm/cmti10.pfb></usr/share/texlive/texmf-dist/fonts/type1/public/amsfonts/cm/cm
ti12.pfb></usr/share/texlive/texmf-dist/fonts/type1/public/amsfonts/cm/cmti8.pf
b></usr/share/texlive/texmf-dist/fonts/type1/public/amsfonts/cm/cmti9.pfb></usr
/share/texlive/texmf-dist/fonts/type1/public/amsfonts/cm/cmtt10.pfb></usr/share
/texlive/texmf-dist/fonts/type1/public/amsfonts/cm/cmtt8.pfb></usr/share/texliv
e/texmf-dist/fonts/type1/public/amsfonts/cm/cmtt9.pfb>
Output written on build/sample61.pdf (18 pages, 575590 bytes).
PDF statistics:
 371 PDF objects out of 1000 (max. 8388607)
 310 compressed objects within 4 object streams
 85 named destinations out of 1000 (max. 500000)
 41 words of extra memory for PDF output out of 10000 (max. 10000000)

